{"timestamp": "2025-08-16 09:33:09,657", "level": "INFO", "logger": "email_service.sender", "message": "Email sent successfully to quocthien049@gmail.com: 📈 Daily Stock Advisory - 2 Positions - August 16, 2025"}
{"timestamp": "2025-08-16 09:33:09,657", "level": "INFO", "logger": "scheduler.jobs", "message": "Sent consolidated stock advisory email for 2 positions"}
{"timestamp": "2025-08-16 09:33:13,615", "level": "INFO", "logger": "email_service.sender", "message": "Email sent successfully to quocthien049@gmail.com: 📊 Portfolio Overview - August 16, 2025"}
{"timestamp": "2025-08-16 09:33:13,615", "level": "INFO", "logger": "scheduler.jobs", "message": "Sent portfolio overview email"}
{"timestamp": "2025-08-16 09:33:13,616", "level": "INFO", "logger": "scheduler.jobs", "message": "=== Daily advisory completed in 22.64 seconds ==="}
{"timestamp": "2025-08-16 10:36:52,150", "level": "INFO", "logger": "scheduler.jobs", "message": "=== Starting Daily Stock Advisory Analysis ==="}
{"timestamp": "2025-08-16 10:36:52,151", "level": "INFO", "logger": "scheduler.jobs", "message": "Loaded 11 positions"}
{"timestamp": "2025-08-16 10:36:52,151", "level": "WARNING", "logger": "scheduler.jobs", "message": "Failed to fetch fundamentals for FPT: get_fundamentals() takes 2 positional arguments but 3 were given"}
{"timestamp": "2025-08-16 10:36:52,151", "level": "WARNING", "logger": "scheduler.jobs", "message": "Failed to fetch fundamentals for VCB: get_fundamentals() takes 2 positional arguments but 3 were given"}
{"timestamp": "2025-08-16 10:36:52,152", "level": "WARNING", "logger": "scheduler.jobs", "message": "Failed to fetch fundamentals for TCB: get_fundamentals() takes 2 positional arguments but 3 were given"}
{"timestamp": "2025-08-16 10:36:52,152", "level": "WARNING", "logger": "scheduler.jobs", "message": "Failed to fetch fundamentals for ACB: get_fundamentals() takes 2 positional arguments but 3 were given"}
{"timestamp": "2025-08-16 10:36:52,152", "level": "WARNING", "logger": "scheduler.jobs", "message": "Failed to fetch fundamentals for BID: get_fundamentals() takes 2 positional arguments but 3 were given"}
{"timestamp": "2025-08-16 10:36:52,152", "level": "WARNING", "logger": "scheduler.jobs", "message": "Failed to fetch fundamentals for HPG: get_fundamentals() takes 2 positional arguments but 3 were given"}
{"timestamp": "2025-08-16 10:36:52,153", "level": "WARNING", "logger": "scheduler.jobs", "message": "Failed to fetch fundamentals for MSN: get_fundamentals() takes 2 positional arguments but 3 were given"}
{"timestamp": "2025-08-16 10:36:52,153", "level": "WARNING", "logger": "scheduler.jobs", "message": "Failed to fetch fundamentals for VNM: get_fundamentals() takes 2 positional arguments but 3 were given"}
{"timestamp": "2025-08-16 10:36:52,153", "level": "WARNING", "logger": "scheduler.jobs", "message": "Failed to fetch fundamentals for KDH: get_fundamentals() takes 2 positional arguments but 3 were given"}
{"timestamp": "2025-08-16 10:36:52,153", "level": "WARNING", "logger": "scheduler.jobs", "message": "Failed to fetch fundamentals for HDG: get_fundamentals() takes 2 positional arguments but 3 were given"}
{"timestamp": "2025-08-16 10:36:52,153", "level": "WARNING", "logger": "scheduler.jobs", "message": "Failed to fetch fundamentals for CMG: get_fundamentals() takes 2 positional arguments but 3 were given"}
{"timestamp": "2025-08-16 10:36:52,153", "level": "INFO", "logger": "scheduler.jobs", "message": "Fetched market data for 11 positions"}
{"timestamp": "2025-08-16 10:37:26,154", "level": "INFO", "logger": "scheduler.jobs", "message": "Generated 11 stock advisories"}
{"timestamp": "2025-08-16 10:37:28,418", "level": "INFO", "logger": "scheduler.jobs", "message": "Generated portfolio advisory"}
{"timestamp": "2025-08-16 10:37:33,931", "level": "INFO", "logger": "email_service.sender", "message": "Email sent successfully to quocthien049@gmail.com: 📈 Daily Stock Advisory - 11 Positions - August 16, 2025"}
{"timestamp": "2025-08-16 10:37:33,932", "level": "INFO", "logger": "scheduler.jobs", "message": "Sent consolidated stock advisory email for 11 positions"}
{"timestamp": "2025-08-16 10:37:38,332", "level": "INFO", "logger": "email_service.sender", "message": "Email sent successfully to quocthien049@gmail.com: 📊 Portfolio Overview - August 16, 2025"}
{"timestamp": "2025-08-16 10:37:38,332", "level": "INFO", "logger": "scheduler.jobs", "message": "Sent portfolio overview email"}
{"timestamp": "2025-08-16 10:37:38,333", "level": "INFO", "logger": "scheduler.jobs", "message": "=== Daily advisory completed in 46.18 seconds ==="}
{"timestamp": "2025-08-16 10:40:45,654", "level": "INFO", "logger": "scheduler.jobs", "message": "=== Starting Daily Stock Advisory Analysis ==="}
{"timestamp": "2025-08-16 10:40:45,655", "level": "INFO", "logger": "scheduler.jobs", "message": "Loaded 11 positions"}
{"timestamp": "2025-08-16 10:40:46,128", "level": "ERROR", "logger": "adapters.vn_data_provider", "message": "Error fetching quote for FPT: HTTPSConnectionPool(host='api.provider.com', port=443): Max retries exceeded with url: /v1/securities/FPT/quote?exchange=HOSE (Caused by NewConnectionError('<urllib3.connection.HTTPSConnection object at 0x7f46e70309e8>: Failed to establish a new connection: [Errno -2] Name or service not known',))"}
{"timestamp": "2025-08-16 10:40:46,129", "level": "ERROR", "logger": "scheduler.jobs", "message": "Failed to fetch market data for FPT: Failed to fetch quote: HTTPSConnectionPool(host='api.provider.com', port=443): Max retries exceeded with url: /v1/securities/FPT/quote?exchange=HOSE (Caused by NewConnectionError('<urllib3.connection.HTTPSConnection object at 0x7f46e70309e8>: Failed to establish a new connection: [Errno -2] Name or service not known',))"}
{"timestamp": "2025-08-16 10:40:46,223", "level": "ERROR", "logger": "adapters.vn_data_provider", "message": "Error fetching quote for VCB: HTTPSConnectionPool(host='api.provider.com', port=443): Max retries exceeded with url: /v1/securities/VCB/quote?exchange=HOSE (Caused by NewConnectionError('<urllib3.connection.HTTPSConnection object at 0x7f46e7030978>: Failed to establish a new connection: [Errno -2] Name or service not known',))"}
{"timestamp": "2025-08-16 10:40:46,223", "level": "ERROR", "logger": "scheduler.jobs", "message": "Failed to fetch market data for VCB: Failed to fetch quote: HTTPSConnectionPool(host='api.provider.com', port=443): Max retries exceeded with url: /v1/securities/VCB/quote?exchange=HOSE (Caused by NewConnectionError('<urllib3.connection.HTTPSConnection object at 0x7f46e7030978>: Failed to establish a new connection: [Errno -2] Name or service not known',))"}
{"timestamp": "2025-08-16 10:40:46,236", "level": "ERROR", "logger": "adapters.vn_data_provider", "message": "Error fetching quote for TCB: HTTPSConnectionPool(host='api.provider.com', port=443): Max retries exceeded with url: /v1/securities/TCB/quote?exchange=HOSE (Caused by NewConnectionError('<urllib3.connection.HTTPSConnection object at 0x7f46e7030828>: Failed to establish a new connection: [Errno -2] Name or service not known',))"}
{"timestamp": "2025-08-16 10:40:46,236", "level": "ERROR", "logger": "scheduler.jobs", "message": "Failed to fetch market data for TCB: Failed to fetch quote: HTTPSConnectionPool(host='api.provider.com', port=443): Max retries exceeded with url: /v1/securities/TCB/quote?exchange=HOSE (Caused by NewConnectionError('<urllib3.connection.HTTPSConnection object at 0x7f46e7030828>: Failed to establish a new connection: [Errno -2] Name or service not known',))"}
{"timestamp": "2025-08-16 10:40:46,248", "level": "ERROR", "logger": "adapters.vn_data_provider", "message": "Error fetching quote for ACB: HTTPSConnectionPool(host='api.provider.com', port=443): Max retries exceeded with url: /v1/securities/ACB/quote?exchange=HOSE (Caused by NewConnectionError('<urllib3.connection.HTTPSConnection object at 0x7f46e7030a58>: Failed to establish a new connection: [Errno -2] Name or service not known',))"}
{"timestamp": "2025-08-16 10:40:46,248", "level": "ERROR", "logger": "scheduler.jobs", "message": "Failed to fetch market data for ACB: Failed to fetch quote: HTTPSConnectionPool(host='api.provider.com', port=443): Max retries exceeded with url: /v1/securities/ACB/quote?exchange=HOSE (Caused by NewConnectionError('<urllib3.connection.HTTPSConnection object at 0x7f46e7030a58>: Failed to establish a new connection: [Errno -2] Name or service not known',))"}
{"timestamp": "2025-08-16 10:40:46,259", "level": "ERROR", "logger": "adapters.vn_data_provider", "message": "Error fetching quote for BID: HTTPSConnectionPool(host='api.provider.com', port=443): Max retries exceeded with url: /v1/securities/BID/quote?exchange=HOSE (Caused by NewConnectionError('<urllib3.connection.HTTPSConnection object at 0x7f46e7030b70>: Failed to establish a new connection: [Errno -2] Name or service not known',))"}
{"timestamp": "2025-08-16 10:40:46,259", "level": "ERROR", "logger": "scheduler.jobs", "message": "Failed to fetch market data for BID: Failed to fetch quote: HTTPSConnectionPool(host='api.provider.com', port=443): Max retries exceeded with url: /v1/securities/BID/quote?exchange=HOSE (Caused by NewConnectionError('<urllib3.connection.HTTPSConnection object at 0x7f46e7030b70>: Failed to establish a new connection: [Errno -2] Name or service not known',))"}
{"timestamp": "2025-08-16 10:40:46,276", "level": "ERROR", "logger": "adapters.vn_data_provider", "message": "Error fetching quote for HPG: HTTPSConnectionPool(host='api.provider.com', port=443): Max retries exceeded with url: /v1/securities/HPG/quote?exchange=HOSE (Caused by NewConnectionError('<urllib3.connection.HTTPSConnection object at 0x7f46e7030b38>: Failed to establish a new connection: [Errno -2] Name or service not known',))"}
{"timestamp": "2025-08-16 10:40:46,276", "level": "ERROR", "logger": "scheduler.jobs", "message": "Failed to fetch market data for HPG: Failed to fetch quote: HTTPSConnectionPool(host='api.provider.com', port=443): Max retries exceeded with url: /v1/securities/HPG/quote?exchange=HOSE (Caused by NewConnectionError('<urllib3.connection.HTTPSConnection object at 0x7f46e7030b38>: Failed to establish a new connection: [Errno -2] Name or service not known',))"}
{"timestamp": "2025-08-16 10:40:46,291", "level": "ERROR", "logger": "adapters.vn_data_provider", "message": "Error fetching quote for MSN: HTTPSConnectionPool(host='api.provider.com', port=443): Max retries exceeded with url: /v1/securities/MSN/quote?exchange=HOSE (Caused by NewConnectionError('<urllib3.connection.HTTPSConnection object at 0x7f46e7030ba8>: Failed to establish a new connection: [Errno -2] Name or service not known',))"}
{"timestamp": "2025-08-16 10:40:46,291", "level": "ERROR", "logger": "scheduler.jobs", "message": "Failed to fetch market data for MSN: Failed to fetch quote: HTTPSConnectionPool(host='api.provider.com', port=443): Max retries exceeded with url: /v1/securities/MSN/quote?exchange=HOSE (Caused by NewConnectionError('<urllib3.connection.HTTPSConnection object at 0x7f46e7030ba8>: Failed to establish a new connection: [Errno -2] Name or service not known',))"}
{"timestamp": "2025-08-16 10:40:46,303", "level": "ERROR", "logger": "adapters.vn_data_provider", "message": "Error fetching quote for VNM: HTTPSConnectionPool(host='api.provider.com', port=443): Max retries exceeded with url: /v1/securities/VNM/quote?exchange=HOSE (Caused by NewConnectionError('<urllib3.connection.HTTPSConnection object at 0x7f46e7030be0>: Failed to establish a new connection: [Errno -2] Name or service not known',))"}
{"timestamp": "2025-08-16 10:40:46,303", "level": "ERROR", "logger": "scheduler.jobs", "message": "Failed to fetch market data for VNM: Failed to fetch quote: HTTPSConnectionPool(host='api.provider.com', port=443): Max retries exceeded with url: /v1/securities/VNM/quote?exchange=HOSE (Caused by NewConnectionError('<urllib3.connection.HTTPSConnection object at 0x7f46e7030be0>: Failed to establish a new connection: [Errno -2] Name or service not known',))"}
{"timestamp": "2025-08-16 10:40:46,318", "level": "ERROR", "logger": "adapters.vn_data_provider", "message": "Error fetching quote for KDH: HTTPSConnectionPool(host='api.provider.com', port=443): Max retries exceeded with url: /v1/securities/KDH/quote?exchange=HOSE (Caused by NewConnectionError('<urllib3.connection.HTTPSConnection object at 0x7f46e7030c18>: Failed to establish a new connection: [Errno -2] Name or service not known',))"}
{"timestamp": "2025-08-16 10:40:46,319", "level": "ERROR", "logger": "scheduler.jobs", "message": "Failed to fetch market data for KDH: Failed to fetch quote: HTTPSConnectionPool(host='api.provider.com', port=443): Max retries exceeded with url: /v1/securities/KDH/quote?exchange=HOSE (Caused by NewConnectionError('<urllib3.connection.HTTPSConnection object at 0x7f46e7030c18>: Failed to establish a new connection: [Errno -2] Name or service not known',))"}
{"timestamp": "2025-08-16 10:40:46,334", "level": "ERROR", "logger": "adapters.vn_data_provider", "message": "Error fetching quote for HDG: HTTPSConnectionPool(host='api.provider.com', port=443): Max retries exceeded with url: /v1/securities/HDG/quote?exchange=HOSE (Caused by NewConnectionError('<urllib3.connection.HTTPSConnection object at 0x7f46e7030c50>: Failed to establish a new connection: [Errno -2] Name or service not known',))"}
{"timestamp": "2025-08-16 10:40:46,334", "level": "ERROR", "logger": "scheduler.jobs", "message": "Failed to fetch market data for HDG: Failed to fetch quote: HTTPSConnectionPool(host='api.provider.com', port=443): Max retries exceeded with url: /v1/securities/HDG/quote?exchange=HOSE (Caused by NewConnectionError('<urllib3.connection.HTTPSConnection object at 0x7f46e7030c50>: Failed to establish a new connection: [Errno -2] Name or service not known',))"}
{"timestamp": "2025-08-16 10:40:46,350", "level": "ERROR", "logger": "adapters.vn_data_provider", "message": "Error fetching quote for CMG: HTTPSConnectionPool(host='api.provider.com', port=443): Max retries exceeded with url: /v1/securities/CMG/quote?exchange=HOSE (Caused by NewConnectionError('<urllib3.connection.HTTPSConnection object at 0x7f46e7030c88>: Failed to establish a new connection: [Errno -2] Name or service not known',))"}
{"timestamp": "2025-08-16 10:40:46,350", "level": "ERROR", "logger": "scheduler.jobs", "message": "Failed to fetch market data for CMG: Failed to fetch quote: HTTPSConnectionPool(host='api.provider.com', port=443): Max retries exceeded with url: /v1/securities/CMG/quote?exchange=HOSE (Caused by NewConnectionError('<urllib3.connection.HTTPSConnection object at 0x7f46e7030c88>: Failed to establish a new connection: [Errno -2] Name or service not known',))"}
{"timestamp": "2025-08-16 10:40:46,351", "level": "INFO", "logger": "scheduler.jobs", "message": "Fetched market data for 11 positions"}
{"timestamp": "2025-08-16 10:41:16,988", "level": "INFO", "logger": "scheduler.jobs", "message": "Generated 11 stock advisories"}
{"timestamp": "2025-08-16 10:41:20,864", "level": "INFO", "logger": "scheduler.jobs", "message": "Generated portfolio advisory"}
{"timestamp": "2025-08-16 10:41:25,373", "level": "INFO", "logger": "email_service.sender", "message": "Email sent successfully to quocthien049@gmail.com: 📈 Daily Stock Advisory - 11 Positions - August 16, 2025"}
{"timestamp": "2025-08-16 10:41:25,373", "level": "INFO", "logger": "scheduler.jobs", "message": "Sent consolidated stock advisory email for 11 positions"}
{"timestamp": "2025-08-16 10:41:29,077", "level": "INFO", "logger": "email_service.sender", "message": "Email sent successfully to quocthien049@gmail.com: 📊 Portfolio Overview - August 16, 2025"}
{"timestamp": "2025-08-16 10:41:29,078", "level": "INFO", "logger": "scheduler.jobs", "message": "Sent portfolio overview email"}
{"timestamp": "2025-08-16 10:41:29,078", "level": "INFO", "logger": "scheduler.jobs", "message": "=== Daily advisory completed in 43.42 seconds ==="}
{"timestamp": "2025-08-16 10:44:28,927", "level": "INFO", "logger": "scheduler.jobs", "message": "=== Starting Daily Stock Advisory Analysis ==="}
{"timestamp": "2025-08-16 10:44:28,928", "level": "INFO", "logger": "scheduler.jobs", "message": "Loaded 11 positions"}
{"timestamp": "2025-08-16 10:44:31,170", "level": "WARNING", "logger": "adapters.real_vn_provider", "message": "SSI API failed for FPT, trying fallback: 403 Client Error: Forbidden for url: https://iboard.ssi.com.vn/dchart/api/stock/FPT"}
{"timestamp": "2025-08-16 10:44:33,984", "level": "ERROR", "logger": "adapters.real_vn_provider", "message": "CafeF fallback failed for FPT: 404 Client Error: Not Found for url: https://cafef.vn/du-lieu/gia.chn/fpt-hose.chn"}
{"timestamp": "2025-08-16 10:44:33,985", "level": "ERROR", "logger": "scheduler.jobs", "message": "Failed to fetch market data for FPT: All data sources failed for FPT"}
{"timestamp": "2025-08-16 10:44:34,049", "level": "WARNING", "logger": "adapters.real_vn_provider", "message": "SSI API failed for VCB, trying fallback: 403 Client Error: Forbidden for url: https://iboard.ssi.com.vn/dchart/api/stock/VCB"}
{"timestamp": "2025-08-16 10:45:33,467", "level": "INFO", "logger": "scheduler.jobs", "message": "=== Starting Daily Stock Advisory Analysis ==="}
{"timestamp": "2025-08-16 10:45:33,468", "level": "INFO", "logger": "scheduler.jobs", "message": "Loaded 11 positions"}
{"timestamp": "2025-08-16 10:45:35,667", "level": "WARNING", "logger": "adapters.real_vn_provider", "message": "SSI API failed for FPT, trying fallback: 403 Client Error: Forbidden for url: https://iboard.ssi.com.vn/dchart/api/stock/FPT"}
{"timestamp": "2025-08-16 10:46:32,532", "level": "INFO", "logger": "scheduler.jobs", "message": "=== Starting Daily Stock Advisory Analysis ==="}
{"timestamp": "2025-08-16 10:46:32,533", "level": "INFO", "logger": "scheduler.jobs", "message": "Loaded 11 positions"}
{"timestamp": "2025-08-16 10:46:33,399", "level": "WARNING", "logger": "adapters.real_vn_provider", "message": "SSI API failed for FPT, trying fallback: 403 Client Error: Forbidden for url: https://iboard.ssi.com.vn/dchart/api/stock/FPT"}
{"timestamp": "2025-08-16 10:46:36,104", "level": "ERROR", "logger": "adapters.real_vn_provider", "message": "CafeF fallback failed for FPT: 404 Client Error: Not Found for url: https://cafef.vn/du-lieu/lich-su-gia-fpt-hose.chn"}
{"timestamp": "2025-08-16 10:46:36,105", "level": "ERROR", "logger": "scheduler.jobs", "message": "Failed to fetch market data for FPT: All data sources failed for FPT"}
{"timestamp": "2025-08-16 10:46:36,255", "level": "WARNING", "logger": "adapters.real_vn_provider", "message": "SSI API failed for VCB, trying fallback: 403 Client Error: Forbidden for url: https://iboard.ssi.com.vn/dchart/api/stock/VCB"}
{"timestamp": "2025-08-16 10:46:37,354", "level": "ERROR", "logger": "adapters.real_vn_provider", "message": "CafeF fallback failed for VCB: 404 Client Error: Not Found for url: https://cafef.vn/du-lieu/lich-su-gia-vcb-hose.chn"}
{"timestamp": "2025-08-16 10:46:37,354", "level": "ERROR", "logger": "scheduler.jobs", "message": "Failed to fetch market data for VCB: All data sources failed for VCB"}
{"timestamp": "2025-08-16 10:46:37,419", "level": "WARNING", "logger": "adapters.real_vn_provider", "message": "SSI API failed for TCB, trying fallback: 403 Client Error: Forbidden for url: https://iboard.ssi.com.vn/dchart/api/stock/TCB"}
{"timestamp": "2025-08-16 10:46:38,403", "level": "ERROR", "logger": "adapters.real_vn_provider", "message": "CafeF fallback failed for TCB: 404 Client Error: Not Found for url: https://cafef.vn/du-lieu/lich-su-gia-tcb-hose.chn"}
{"timestamp": "2025-08-16 10:46:38,404", "level": "ERROR", "logger": "scheduler.jobs", "message": "Failed to fetch market data for TCB: All data sources failed for TCB"}
{"timestamp": "2025-08-16 10:46:38,479", "level": "WARNING", "logger": "adapters.real_vn_provider", "message": "SSI API failed for ACB, trying fallback: 403 Client Error: Forbidden for url: https://iboard.ssi.com.vn/dchart/api/stock/ACB"}
{"timestamp": "2025-08-16 10:47:49,812", "level": "INFO", "logger": "scheduler.jobs", "message": "=== Starting Daily Stock Advisory Analysis ==="}
{"timestamp": "2025-08-16 10:47:49,812", "level": "INFO", "logger": "scheduler.jobs", "message": "Loaded 11 positions"}
{"timestamp": "2025-08-16 10:47:50,554", "level": "WARNING", "logger": "adapters.real_vn_provider", "message": "SSI API failed for FPT, trying fallback: 403 Client Error: Forbidden for url: https://iboard.ssi.com.vn/dchart/api/stock/FPT"}
{"timestamp": "2025-08-16 10:47:52,642", "level": "ERROR", "logger": "adapters.real_vn_provider", "message": "CafeF fallback failed for FPT: 404 Client Error: Not Found for url: https://cafef.vn/du-lieu/lich-su-gia-fpt-hose.chn"}
{"timestamp": "2025-08-16 10:47:52,642", "level": "ERROR", "logger": "scheduler.jobs", "message": "Failed to fetch market data for FPT: All data sources failed for FPT"}
{"timestamp": "2025-08-16 10:47:52,718", "level": "WARNING", "logger": "adapters.real_vn_provider", "message": "SSI API failed for VCB, trying fallback: 403 Client Error: Forbidden for url: https://iboard.ssi.com.vn/dchart/api/stock/VCB"}
{"timestamp": "2025-08-16 10:53:27,545", "level": "INFO", "logger": "scheduler.jobs", "message": "=== Starting Daily Stock Advisory Analysis ==="}
{"timestamp": "2025-08-16 10:53:27,545", "level": "INFO", "logger": "scheduler.jobs", "message": "Loaded 11 positions"}
{"timestamp": "2025-08-16 10:53:28,211", "level": "WARNING", "logger": "adapters.real_vn_provider", "message": "SSI API failed for FPT, trying fallback: 403 Client Error: Forbidden for url: https://iboard.ssi.com.vn/dchart/api/stock/FPT"}
{"timestamp": "2025-08-16 10:53:32,715", "level": "ERROR", "logger": "adapters.real_vn_provider", "message": "CafeF fallback failed for FPT: 404 Client Error: Not Found for url: https://cafef.vn/du-lieu/lich-su-gia-fpt-hose.chn"}
{"timestamp": "2025-08-16 10:53:32,715", "level": "ERROR", "logger": "scheduler.jobs", "message": "Failed to fetch market data for FPT: All data sources failed for FPT"}
{"timestamp": "2025-08-16 10:53:32,776", "level": "WARNING", "logger": "adapters.real_vn_provider", "message": "SSI API failed for VCB, trying fallback: 403 Client Error: Forbidden for url: https://iboard.ssi.com.vn/dchart/api/stock/VCB"}
{"timestamp": "2025-08-16 10:57:32,822", "level": "INFO", "logger": "scheduler.jobs", "message": "=== Starting Daily Stock Advisory Analysis ==="}
{"timestamp": "2025-08-16 10:57:32,823", "level": "INFO", "logger": "scheduler.jobs", "message": "Loaded 11 positions"}
{"timestamp": "2025-08-16 10:57:34,077", "level": "WARNING", "logger": "adapters.real_vn_provider", "message": "SSI FastConnect API failed for FPT, trying CafeF fallback: 400 Client Error: Bad Request for url: https://fc-data.ssi.com.vn/api/v2/Market/AccessToken"}
{"timestamp": "2025-08-16 10:57:40,873", "level": "ERROR", "logger": "adapters.real_vn_provider", "message": "CafeF fallback failed for FPT: 404 Client Error: Not Found for url: https://cafef.vn/du-lieu/lich-su-gia-fpt-hose.chn"}
{"timestamp": "2025-08-16 10:57:40,873", "level": "ERROR", "logger": "scheduler.jobs", "message": "Failed to fetch market data for FPT: All data sources failed for FPT"}
{"timestamp": "2025-08-16 10:57:41,126", "level": "WARNING", "logger": "adapters.real_vn_provider", "message": "SSI FastConnect API failed for VCB, trying CafeF fallback: 400 Client Error: Bad Request for url: https://fc-data.ssi.com.vn/api/v2/Market/AccessToken"}
{"timestamp": "2025-08-16 10:57:42,267", "level": "ERROR", "logger": "adapters.real_vn_provider", "message": "CafeF fallback failed for VCB: 404 Client Error: Not Found for url: https://cafef.vn/du-lieu/lich-su-gia-vcb-hose.chn"}
{"timestamp": "2025-08-16 10:57:42,267", "level": "ERROR", "logger": "scheduler.jobs", "message": "Failed to fetch market data for VCB: All data sources failed for VCB"}
{"timestamp": "2025-08-16 10:57:42,423", "level": "WARNING", "logger": "adapters.real_vn_provider", "message": "SSI FastConnect API failed for TCB, trying CafeF fallback: 400 Client Error: Bad Request for url: https://fc-data.ssi.com.vn/api/v2/Market/AccessToken"}
{"timestamp": "2025-08-16 10:57:43,907", "level": "ERROR", "logger": "adapters.real_vn_provider", "message": "CafeF fallback failed for TCB: 404 Client Error: Not Found for url: https://cafef.vn/du-lieu/lich-su-gia-tcb-hose.chn"}
{"timestamp": "2025-08-16 10:57:43,907", "level": "ERROR", "logger": "scheduler.jobs", "message": "Failed to fetch market data for TCB: All data sources failed for TCB"}
{"timestamp": "2025-08-16 10:57:44,056", "level": "WARNING", "logger": "adapters.real_vn_provider", "message": "SSI FastConnect API failed for ACB, trying CafeF fallback: 400 Client Error: Bad Request for url: https://fc-data.ssi.com.vn/api/v2/Market/AccessToken"}
{"timestamp": "2025-08-16 10:57:45,339", "level": "ERROR", "logger": "adapters.real_vn_provider", "message": "CafeF fallback failed for ACB: 404 Client Error: Not Found for url: https://cafef.vn/du-lieu/lich-su-gia-acb-hose.chn"}
{"timestamp": "2025-08-16 10:57:45,339", "level": "ERROR", "logger": "scheduler.jobs", "message": "Failed to fetch market data for ACB: All data sources failed for ACB"}
{"timestamp": "2025-08-16 10:57:45,542", "level": "WARNING", "logger": "adapters.real_vn_provider", "message": "SSI FastConnect API failed for BID, trying CafeF fallback: 400 Client Error: Bad Request for url: https://fc-data.ssi.com.vn/api/v2/Market/AccessToken"}
{"timestamp": "2025-08-16 12:53:37,502", "level": "INFO", "logger": "scheduler.jobs", "message": "=== Starting Daily Stock Advisory Analysis ==="}
{"timestamp": "2025-08-16 12:53:37,502", "level": "INFO", "logger": "scheduler.jobs", "message": "Loaded 11 positions"}
{"timestamp": "2025-08-16 12:53:38,726", "level": "WARNING", "logger": "adapters.real_vn_provider", "message": "SSI FastConnect API failed for FPT, trying CafeF fallback: 400 Client Error: Bad Request for url: https://fc-data.ssi.com.vn/api/v2/Market/AccessToken"}
{"timestamp": "2025-08-16 12:53:49,171", "level": "ERROR", "logger": "adapters.real_vn_provider", "message": "CafeF fallback failed for FPT: 404 Client Error: Not Found for url: https://cafef.vn/du-lieu/lich-su-gia-fpt-hose.chn"}
{"timestamp": "2025-08-16 12:53:49,171", "level": "ERROR", "logger": "scheduler.jobs", "message": "Failed to fetch market data for FPT: All data sources failed for FPT"}
{"timestamp": "2025-08-16 12:53:49,478", "level": "WARNING", "logger": "adapters.real_vn_provider", "message": "SSI FastConnect API failed for VCB, trying CafeF fallback: 400 Client Error: Bad Request for url: https://fc-data.ssi.com.vn/api/v2/Market/AccessToken"}
{"timestamp": "2025-08-16 12:53:57,161", "level": "ERROR", "logger": "adapters.real_vn_provider", "message": "CafeF fallback failed for VCB: 404 Client Error: Not Found for url: https://cafef.vn/du-lieu/lich-su-gia-vcb-hose.chn"}
{"timestamp": "2025-08-16 12:53:57,161", "level": "ERROR", "logger": "scheduler.jobs", "message": "Failed to fetch market data for VCB: All data sources failed for VCB"}
{"timestamp": "2025-08-16 12:53:57,393", "level": "WARNING", "logger": "adapters.real_vn_provider", "message": "SSI FastConnect API failed for TCB, trying CafeF fallback: 400 Client Error: Bad Request for url: https://fc-data.ssi.com.vn/api/v2/Market/AccessToken"}
{"timestamp": "2025-08-16 12:53:58,572", "level": "ERROR", "logger": "adapters.real_vn_provider", "message": "CafeF fallback failed for TCB: 404 Client Error: Not Found for url: https://cafef.vn/du-lieu/lich-su-gia-tcb-hose.chn"}
{"timestamp": "2025-08-16 12:53:58,573", "level": "ERROR", "logger": "scheduler.jobs", "message": "Failed to fetch market data for TCB: All data sources failed for TCB"}
{"timestamp": "2025-08-16 12:53:59,028", "level": "WARNING", "logger": "adapters.real_vn_provider", "message": "SSI FastConnect API failed for ACB, trying CafeF fallback: 400 Client Error: Bad Request for url: https://fc-data.ssi.com.vn/api/v2/Market/AccessToken"}
{"timestamp": "2025-08-16 12:54:03,508", "level": "ERROR", "logger": "adapters.real_vn_provider", "message": "CafeF fallback failed for ACB: 404 Client Error: Not Found for url: https://cafef.vn/du-lieu/lich-su-gia-acb-hose.chn"}
{"timestamp": "2025-08-16 12:54:03,508", "level": "ERROR", "logger": "scheduler.jobs", "message": "Failed to fetch market data for ACB: All data sources failed for ACB"}
{"timestamp": "2025-08-16 12:54:03,657", "level": "WARNING", "logger": "adapters.real_vn_provider", "message": "SSI FastConnect API failed for BID, trying CafeF fallback: 400 Client Error: Bad Request for url: https://fc-data.ssi.com.vn/api/v2/Market/AccessToken"}
{"timestamp": "2025-08-16 12:54:12,313", "level": "ERROR", "logger": "adapters.real_vn_provider", "message": "CafeF fallback failed for BID: 404 Client Error: Not Found for url: https://cafef.vn/du-lieu/lich-su-gia-bid-hose.chn"}
{"timestamp": "2025-08-16 12:54:12,314", "level": "ERROR", "logger": "scheduler.jobs", "message": "Failed to fetch market data for BID: All data sources failed for BID"}
{"timestamp": "2025-08-16 12:54:12,917", "level": "WARNING", "logger": "adapters.real_vn_provider", "message": "SSI FastConnect API failed for HPG, trying CafeF fallback: 400 Client Error: Bad Request for url: https://fc-data.ssi.com.vn/api/v2/Market/AccessToken"}
{"timestamp": "2025-08-16 12:54:14,565", "level": "ERROR", "logger": "adapters.real_vn_provider", "message": "CafeF fallback failed for HPG: 404 Client Error: Not Found for url: https://cafef.vn/du-lieu/lich-su-gia-hpg-hose.chn"}
{"timestamp": "2025-08-16 12:54:14,565", "level": "ERROR", "logger": "scheduler.jobs", "message": "Failed to fetch market data for HPG: All data sources failed for HPG"}
{"timestamp": "2025-08-16 12:54:14,721", "level": "WARNING", "logger": "adapters.real_vn_provider", "message": "SSI FastConnect API failed for MSN, trying CafeF fallback: 400 Client Error: Bad Request for url: https://fc-data.ssi.com.vn/api/v2/Market/AccessToken"}
{"timestamp": "2025-08-16 12:54:17,844", "level": "ERROR", "logger": "adapters.real_vn_provider", "message": "CafeF fallback failed for MSN: 404 Client Error: Not Found for url: https://cafef.vn/du-lieu/lich-su-gia-msn-hose.chn"}
{"timestamp": "2025-08-16 12:54:17,844", "level": "ERROR", "logger": "scheduler.jobs", "message": "Failed to fetch market data for MSN: All data sources failed for MSN"}
{"timestamp": "2025-08-16 12:54:18,003", "level": "WARNING", "logger": "adapters.real_vn_provider", "message": "SSI FastConnect API failed for VNM, trying CafeF fallback: 400 Client Error: Bad Request for url: https://fc-data.ssi.com.vn/api/v2/Market/AccessToken"}
{"timestamp": "2025-08-16 12:54:19,379", "level": "ERROR", "logger": "adapters.real_vn_provider", "message": "CafeF fallback failed for VNM: 404 Client Error: Not Found for url: https://cafef.vn/du-lieu/lich-su-gia-vnm-hose.chn"}
{"timestamp": "2025-08-16 12:54:19,379", "level": "ERROR", "logger": "scheduler.jobs", "message": "Failed to fetch market data for VNM: All data sources failed for VNM"}
{"timestamp": "2025-08-16 12:54:19,530", "level": "WARNING", "logger": "adapters.real_vn_provider", "message": "SSI FastConnect API failed for KDH, trying CafeF fallback: 400 Client Error: Bad Request for url: https://fc-data.ssi.com.vn/api/v2/Market/AccessToken"}
{"timestamp": "2025-08-16 12:54:20,556", "level": "ERROR", "logger": "adapters.real_vn_provider", "message": "CafeF fallback failed for KDH: 404 Client Error: Not Found for url: https://cafef.vn/du-lieu/lich-su-gia-kdh-hose.chn"}
{"timestamp": "2025-08-16 12:54:20,556", "level": "ERROR", "logger": "scheduler.jobs", "message": "Failed to fetch market data for KDH: All data sources failed for KDH"}
{"timestamp": "2025-08-16 12:54:20,701", "level": "WARNING", "logger": "adapters.real_vn_provider", "message": "SSI FastConnect API failed for HDG, trying CafeF fallback: 400 Client Error: Bad Request for url: https://fc-data.ssi.com.vn/api/v2/Market/AccessToken"}
{"timestamp": "2025-08-16 12:54:21,940", "level": "ERROR", "logger": "adapters.real_vn_provider", "message": "CafeF fallback failed for HDG: 404 Client Error: Not Found for url: https://cafef.vn/du-lieu/lich-su-gia-hdg-hose.chn"}
{"timestamp": "2025-08-16 12:54:21,941", "level": "ERROR", "logger": "scheduler.jobs", "message": "Failed to fetch market data for HDG: All data sources failed for HDG"}
{"timestamp": "2025-08-16 12:54:22,555", "level": "WARNING", "logger": "adapters.real_vn_provider", "message": "SSI FastConnect API failed for CMG, trying CafeF fallback: 400 Client Error: Bad Request for url: https://fc-data.ssi.com.vn/api/v2/Market/AccessToken"}
{"timestamp": "2025-08-16 12:54:23,782", "level": "ERROR", "logger": "adapters.real_vn_provider", "message": "CafeF fallback failed for CMG: 404 Client Error: Not Found for url: https://cafef.vn/du-lieu/lich-su-gia-cmg-hose.chn"}
{"timestamp": "2025-08-16 12:54:23,783", "level": "ERROR", "logger": "scheduler.jobs", "message": "Failed to fetch market data for CMG: All data sources failed for CMG"}
{"timestamp": "2025-08-16 12:54:23,783", "level": "INFO", "logger": "scheduler.jobs", "message": "Fetched market data for 11 positions"}
{"timestamp": "2025-08-16 12:55:03,108", "level": "INFO", "logger": "scheduler.jobs", "message": "Generated 11 stock advisories"}
{"timestamp": "2025-08-16 12:55:05,623", "level": "INFO", "logger": "scheduler.jobs", "message": "Generated portfolio advisory"}
{"timestamp": "2025-08-16 12:55:10,488", "level": "INFO", "logger": "email_service.sender", "message": "Email sent successfully to quocthien049@gmail.com: 📈 Daily Stock Advisory - 11 Positions - August 16, 2025"}
{"timestamp": "2025-08-16 12:55:10,489", "level": "INFO", "logger": "scheduler.jobs", "message": "Sent consolidated stock advisory email for 11 positions"}
{"timestamp": "2025-08-16 12:55:14,470", "level": "INFO", "logger": "email_service.sender", "message": "Email sent successfully to quocthien049@gmail.com: 📊 Portfolio Overview - August 16, 2025"}
{"timestamp": "2025-08-16 12:55:14,471", "level": "INFO", "logger": "scheduler.jobs", "message": "Sent portfolio overview email"}
{"timestamp": "2025-08-16 12:55:14,471", "level": "INFO", "logger": "scheduler.jobs", "message": "=== Daily advisory completed in 96.97 seconds ==="}
